\BOOKMARK [0][-]{chapter*.1}{\376\377\144\130\211\201}{}% 1
\BOOKMARK [0][-]{chapter*.2}{\376\377\000A\000b\000s\000t\000r\000a\000c\000t}{}% 2
\BOOKMARK [0][-]{chapter*.3}{\376\377\212\214\213\035}{}% 3
\BOOKMARK [0][-]{section*.4}{\376\377\166\356\223\004}{}% 4
\BOOKMARK [0][-]{chapter.1}{\376\377\175\322\212\326}{}% 5
\BOOKMARK [1][-]{section.1.1}{\376\377\170\024\172\166\122\325\152\137}{chapter.1}% 6
\BOOKMARK [1][-]{section.1.2}{\376\377\170\024\172\166\166\356\166\204}{chapter.1}% 7
\BOOKMARK [1][-]{section.1.3}{\376\377\212\326\145\207\147\266\151\313}{chapter.1}% 8
\BOOKMARK [0][-]{chapter.2}{\376\377\200\314\146\157\167\345\213\130\116\345\123\312\145\207\163\173\126\336\230\147}{}% 9
\BOOKMARK [1][-]{section.2.1}{\376\377\200\314\146\157\167\345\213\130}{chapter.2}% 10
\BOOKMARK [2][-]{subsection.2.1.1}{\376\377\131\047\127\213\212\236\212\000\152\041\127\213\166\204\170\024\172\166\163\376\154\301}{section.2.1}% 11
\BOOKMARK [2][-]{subsection.2.1.2}{\376\377\146\172\141\147\152\137\126\150\202\007\116\272\135\345\146\172\141\147\162\151\200\157\175\262\166\204\141\311\165\050\130\064\146\157}{section.2.1}% 12
\BOOKMARK [2][-]{subsection.2.1.3}{\376\377\0003\000D\122\027\123\160\142\200\210\123\166\204\166\174\134\125\163\376\154\301}{section.2.1}% 13
\BOOKMARK [1][-]{section.2.2}{\376\377\145\207\163\173\126\336\230\147}{chapter.2}% 14
\BOOKMARK [2][-]{subsection.2.2.1}{\376\377\131\047\127\213\212\236\212\000\152\041\127\213\123\312\121\166\127\050\172\013\137\017\170\274\165\037\142\020\202\007\152\137\126\150\143\247\122\066\116\012\166\204\141\311\165\050}{section.2.2}% 15
\BOOKMARK [2][-]{subsection.2.2.2}{\376\377\220\113\122\325\133\170\170\024\172\166\202\007\152\137\126\150\116\272\143\247\122\066}{section.2.2}% 16
\BOOKMARK [2][-]{subsection.2.2.3}{\376\377\0003\000D\122\027\123\160\141\311\165\050\145\274\152\137\126\150\116\272\210\375\117\134\166\204\166\370\225\334\145\207\163\173}{section.2.2}% 17
\BOOKMARK [0][-]{chapter.3}{\376\377\170\024\172\166\145\271\154\325}{}% 18
\BOOKMARK [1][-]{section.3.1}{\376\377\170\154\232\324\212\055\212\010\155\101\172\013}{chapter.3}% 19
\BOOKMARK [2][-]{subsection.3.1.1}{\376\377\152\041\127\213\212\055\212\010\216\337\232\324\377\032\000A\000u\000t\000o\000d\000e\000s\000k\000\040\000F\000u\000s\000i\000o\000n\000\040\0003\0006\0000}{section.3.1}% 20
\BOOKMARK [2][-]{subsection.3.1.2}{\376\377\152\224\150\110\217\070\121\372\150\074\137\017\377\032\000S\000T\000L\377\010\000S\000t\000e\000r\000e\000o\000l\000i\000t\000h\000o\000g\000r\000a\000p\000h\000y\377\011}{section.3.1}% 21
\BOOKMARK [2][-]{subsection.3.1.3}{\376\377\0003\000D\122\027\123\160\152\137\377\032\000C\000r\000e\000a\000l\000i\000t\000y\000\040\000K\0001\000\040\000M\000A\000X}{section.3.1}% 22
\BOOKMARK [2][-]{subsection.3.1.4}{\376\377\231\254\220\124\202\007\225\213\166\174\162\110\116\313\175\071}{section.3.1}% 23
\BOOKMARK [1][-]{section.3.2}{\376\377\220\113\122\325\133\170\225\213\166\174}{chapter.3}% 24
\BOOKMARK [2][-]{subsection.3.2.1}{\376\377\220\113\122\325\152\041\144\354\164\260\130\203}{section.3.2}% 25
\BOOKMARK [2][-]{subsection.3.2.2}{\376\377\230\006\124\021\220\113\122\325\133\170}{section.3.2}% 26
\BOOKMARK [2][-]{subsection.3.2.3}{\376\377\220\006\124\021\220\113\122\325\133\170}{section.3.2}% 27
\BOOKMARK [1][-]{section.3.3}{\376\377\131\047\127\213\212\236\212\000\152\041\127\213\225\213\166\174}{chapter.3}% 28
\BOOKMARK [2][-]{subsection.3.3.1}{\376\377\000O\000p\000e\000n\000A\000I\202\007\000G\000P\000T\152\041\127\213}{section.3.3}% 29
\BOOKMARK [2][-]{subsection.3.3.2}{\376\377\152\041\127\213\117\177\165\050\155\101\172\013}{section.3.3}% 30
\BOOKMARK [1][-]{section.3.4}{\376\377\174\373\175\161\147\266\151\313}{chapter.3}% 31
\BOOKMARK [2][-]{subsection.3.4.1}{\376\377\174\373\175\161\147\266\151\313\202\007\155\101\172\013}{section.3.4}% 32
\BOOKMARK [0][-]{chapter.4}{\376\377\133\346\232\127\212\055\212\010\202\007\175\120\147\234}{}% 33
\BOOKMARK [1][-]{section.4.1}{\376\377\133\346\232\127\116\000\377\032\152\137\150\260\201\302\166\204\127\372\147\054\143\247\122\066}{chapter.4}% 34
\BOOKMARK [2][-]{subsection.4.1.1}{\376\377\152\137\150\260\175\120\151\313\212\055\212\010\127\026}{section.4.1}% 35
\BOOKMARK [2][-]{subsection.4.1.2}{\376\377\121\375\145\170\212\055\212\010}{section.4.1}% 36
\BOOKMARK [2][-]{subsection.4.1.3}{\376\377\116\013\220\124\143\007\116\344\166\204\150\074\137\017\173\304\117\213}{section.4.1}% 37
\BOOKMARK [2][-]{subsection.4.1.4}{\376\377\133\346\232\127\175\120\147\234}{section.4.1}% 38
\BOOKMARK [1][-]{section.4.2}{\376\377\133\346\232\127\116\214\377\032\134\007\152\137\150\260\201\302\165\050\145\274\165\153\127\026}{chapter.4}% 39
\BOOKMARK [2][-]{subsection.4.2.1}{\376\377\152\137\150\260\175\120\151\313\212\055\212\010\127\026}{section.4.2}% 40
\BOOKMARK [2][-]{subsection.4.2.2}{\376\377\121\375\145\170\212\055\212\010}{section.4.2}% 41
\BOOKMARK [2][-]{subsection.4.2.3}{\376\377\116\013\220\124\143\007\116\344\166\204\150\074\137\017\173\304\117\213}{section.4.2}% 42
\BOOKMARK [2][-]{subsection.4.2.4}{\376\377\133\346\232\127\175\120\147\234}{section.4.2}% 43
\BOOKMARK [1][-]{section.4.3}{\376\377\133\346\232\127\116\011\377\032\152\137\150\260\201\302\127\050\201\352\122\325\220\113\217\070\216\312\116\012\166\204\141\311\165\050}{chapter.4}% 44
\BOOKMARK [2][-]{subsection.4.3.1}{\376\377\152\137\150\260\175\120\151\313\212\055\212\010\127\026}{section.4.3}% 45
\BOOKMARK [2][-]{subsection.4.3.2}{\376\377\121\375\145\170\212\055\212\010}{section.4.3}% 46
\BOOKMARK [2][-]{subsection.4.3.3}{\376\377\116\013\220\124\143\007\116\344\166\204\150\074\137\017\173\304\117\213}{section.4.3}% 47
\BOOKMARK [2][-]{subsection.4.3.4}{\376\377\133\346\232\127\175\120\147\234}{section.4.3}% 48
\BOOKMARK [1][-]{section.4.4}{\376\377\133\346\232\127\126\333\377\032\152\137\150\260\201\302\127\050\201\352\122\325\220\113\217\070\216\312\116\012\166\204\220\062\226\216\141\311\165\050}{chapter.4}% 49
\BOOKMARK [2][-]{subsection.4.4.1}{\376\377\152\137\150\260\175\120\151\313\212\055\212\010\127\026}{section.4.4}% 50
\BOOKMARK [2][-]{subsection.4.4.2}{\376\377\121\375\145\170\212\055\212\010}{section.4.4}% 51
\BOOKMARK [2][-]{subsection.4.4.3}{\376\377\116\013\220\124\143\007\116\344\166\204\150\074\137\017\173\304\117\213}{section.4.4}% 52
\BOOKMARK [2][-]{subsection.4.4.4}{\376\377\133\346\232\127\175\120\147\234}{section.4.4}% 53
\BOOKMARK [0][-]{chapter.5}{\376\377\176\075\175\120}{}% 54
\BOOKMARK [1][-]{section.5.1}{\376\377\175\120\212\326}{chapter.5}% 55
\BOOKMARK [1][-]{section.5.2}{\376\377\147\052\117\206\134\125\147\033}{chapter.5}% 56
\BOOKMARK [0][-]{chapter*.54}{\376\377\123\303\200\003\145\207\163\173}{}% 57
